
Showing logs for build [32mcb-kubecd-environment-pr-187-11-bh75q-1[0m stage [32mfrom-build-pack[0m and container [32mstep-credential-initializer-fgq5n[0m
{"level":"warn","ts":1584971724.3805459,"logger":"fallback-logger","caller":"logging/config.go:69","msg":"Fetch GitHub commit ID from kodata failed: \"ref: refs/heads/0.8.0-**-support-backwards-incompats\" is not a valid GitHub commit ID"}
{"level":"info","ts":1584971724.3808572,"logger":"fallback-logger","caller":"creds-init/main.go:40","msg":"Credentials initialized."}

Showing logs for build [32mcb-kubecd-environment-pr-187-11-bh75q-1[0m stage [32mfrom-build-pack[0m and container [32mstep-working-dir-initializer-nnwq8[0m
{"level":"warn","ts":1584971725.543913,"logger":"fallback-logger","caller":"logging/config.go:69","msg":"Fetch GitHub commit ID from kodata failed: open /var/run/ko/HEAD: no such file or directory"}
{"level":"info","ts":1584971725.5447752,"logger":"fallback-logger","caller":"bash/main.go:64","msg":"Successfully executed command \"sh -c mkdir -p /workspace/source\"; output "}

Showing logs for build [32mcb-kubecd-environment-pr-187-11-bh75q-1[0m stage [32mfrom-build-pack[0m and container [32mstep-place-tools[0m

Showing logs for build [32mcb-kubecd-environment-pr-187-11-bh75q-1[0m stage [32mfrom-build-pack[0m and container [32mstep-git-source-cb-kubecd-environment-pr-187-11-bh75q-c4mwl[0m
{"level":"warn","ts":1584971730.6814425,"logger":"fallback-logger","caller":"logging/config.go:69","msg":"Fetch GitHub commit ID from kodata failed: \"ref: refs/heads/0.8.0-**-support-backwards-incompats\" is not a valid GitHub commit ID"}
{"level":"info","ts":1584971731.0529742,"logger":"fallback-logger","caller":"git/git.go:103","msg":"Successfully cloned https://github.com/cb-kubecd/environment-pr-187-119-boot-eks-staging.git @ master in path /workspace/source"}

Showing logs for build [32mcb-kubecd-environment-pr-187-11-bh75q-1[0m stage [32mfrom-build-pack[0m and container [32mstep-git-merge[0m
Using SHAs from PULL_REFS=master:872282763595dea1f51b82db8973c6c1d7111b3e,3:06ce11d16db10743de79ba4754a6761f77c0a103
DEBUG: LC_ALL=C JX_LOG_LEVEL=error git fetch origin --unshallow 06ce11d16db10743de79ba4754a6761f77c0a103: 872282763595dea1f51b82db8973c6c1d7111b3e:
DEBUG: ran git fetch --unshallow origin 06ce11d16db10743de79ba4754a6761f77c0a103: 872282763595dea1f51b82db8973c6c1d7111b3e: in 
DEBUG: LC_ALL=C JX_LOG_LEVEL=error git branch
DEBUG: LC_ALL=C JX_LOG_LEVEL=error git checkout master
DEBUG: ran git checkout master in 
DEBUG: JX_LOG_LEVEL=error LC_ALL=C git reset --hard 872282763595dea1f51b82db8973c6c1d7111b3e
DEBUG: ran git reset --hard 872282763595dea1f51b82db8973c6c1d7111b3e in 
DEBUG: JX_LOG_LEVEL=error LC_ALL=C git clean -fd .
DEBUG: ran clean --force -d . in 
DEBUG: LC_ALL=C JX_LOG_LEVEL=error git merge 06ce11d16db10743de79ba4754a6761f77c0a103
DEBUG: ran git merge 06ce11d16db10743de79ba4754a6761f77c0a103 in 
DEBUG: JX_LOG_LEVEL=error LC_ALL=C git log --format=%H%x1f%an%x1f%ae%x1f%cn%x1f%ce%x1f%s%n%b%x1e 872282763595dea1f51b82db8973c6c1d7111b3e..HEAD
Merged SHA 06ce11d16db10743de79ba4754a6761f77c0a103 with commit message 'chore: Promote bdd-sbhg-1584968900 to version 0.0.1' into base branch master

Showing logs for build [32mcb-kubecd-environment-pr-187-11-bh75q-1[0m stage [32mfrom-build-pack[0m and container [32mstep-build-helm-build[0m
WARNING: No $CHART_REPOSITORY defined so using the default value of: http://jenkins-x-chartmuseum:8080
Adding missing Helm repo: storage.googleapis.com https://storage.googleapis.com/chartmuseum.jenkins-x.io
WARNING: No secrets found on "helm/repos" due: reading the secret "helm/repos" from vault: no secret "helm/repos" not found in vault
Read credentials for https://storage.googleapis.com/chartmuseum.jenkins-x.io from vault helm/repos
Successfully added Helm repository storage.googleapis.com.
Adding missing Helm repo: jenkins-x-chartmuseum http://jenkins-x-chartmuseum:8080
WARNING: No secrets found on "helm/repos" due: reading the secret "helm/repos" from vault: no secret "helm/repos" not found in vault
Read credentials for http://jenkins-x-chartmuseum:8080 from vault helm/repos
Successfully added Helm repository jenkins-x-chartmuseum.
WARNING: No $CHART_REPOSITORY defined so using the default value of: http://jenkins-x-chartmuseum:8080
Adding missing Helm repo: chartmuseum.jenkins-x.io http://chartmuseum.jenkins-x.io
WARNING: No secrets found on "helm/repos" due: reading the secret "helm/repos" from vault: no secret "helm/repos" not found in vault
Read credentials for http://chartmuseum.jenkins-x.io from vault helm/repos
Successfully added Helm repository chartmuseum.jenkins-x.io.
